INFO    2014-07-02 12:02:08,291 [localhost-startStop-1] org.hibernate.annotations.common.Version  - HCANN000001: Hibernate Commons Annotations {4.0.4.Final}
INFO    2014-07-02 12:02:08,310 [localhost-startStop-1] org.hibernate.Version  - HHH000412: Hibernate Core {4.3.0.Final}
INFO    2014-07-02 12:02:08,314 [localhost-startStop-1] org.hibernate.cfg.Environment  - HHH000206: hibernate.properties not found
INFO    2014-07-02 12:02:08,316 [localhost-startStop-1] org.hibernate.cfg.Environment  - HHH000021: Bytecode provider name : javassist
INFO    2014-07-02 12:02:08,361 [localhost-startStop-1] org.hibernate.cfg.Configuration  - HHH000044: Configuring from URL: file:/E:/workspace/.metadata/.plugins/org.eclipse.wst.server.core/tmp0/wtpwebapps/Struts2Login/WEB-INF/classes/hibernate.cfg.xml
WARN    2014-07-02 12:02:08,423 [localhost-startStop-1] org.hibernate.internal.util.xml.DTDEntityResolver  - HHH000223: Recognized obsolete hibernate namespace http://hibernate.sourceforge.net/. Use namespace http://www.hibernate.org/dtd/ instead. Refer to Hibernate 3.6 Migration Guide!
INFO    2014-07-02 12:02:08,487 [localhost-startStop-1] org.hibernate.cfg.Configuration  - HHH000041: Configured SessionFactory: null
INFO    2014-07-02 12:02:08,722 [localhost-startStop-1] org.hibernate.engine.jdbc.connections.internal.DriverManagerConnectionProviderImpl  - HHH000402: Using Hibernate built-in connection pool (not for production use!)
INFO    2014-07-02 12:02:08,731 [localhost-startStop-1] org.hibernate.engine.jdbc.connections.internal.DriverManagerConnectionProviderImpl  - HHH000401: using driver [com.mysql.jdbc.Driver] at URL [jdbc:mysql://localhost:3306/excitingplaces]
INFO    2014-07-02 12:02:08,731 [localhost-startStop-1] org.hibernate.engine.jdbc.connections.internal.DriverManagerConnectionProviderImpl  - HHH000046: Connection properties: {user=root, password=****}
INFO    2014-07-02 12:02:08,732 [localhost-startStop-1] org.hibernate.engine.jdbc.connections.internal.DriverManagerConnectionProviderImpl  - HHH000006: Autocommit mode: false
INFO    2014-07-02 12:02:08,735 [localhost-startStop-1] org.hibernate.engine.jdbc.connections.internal.DriverManagerConnectionProviderImpl  - HHH000115: Hibernate connection pool size: 20 (min=1)
INFO    2014-07-02 12:02:09,216 [localhost-startStop-1] org.hibernate.dialect.Dialect  - HHH000400: Using dialect: org.hibernate.dialect.MySQLDialect
INFO    2014-07-02 12:02:09,581 [localhost-startStop-1] org.hibernate.engine.transaction.internal.TransactionFactoryInitiator  - HHH000399: Using default transaction strategy (direct JDBC transactions)
INFO    2014-07-02 12:02:09,592 [localhost-startStop-1] org.hibernate.hql.internal.ast.ASTQueryTranslatorFactory  - HHH000397: Using ASTQueryTranslatorFactory
INFO    2014-07-02 12:02:10,216 [localhost-startStop-1] com.opensymphony.xwork2.config.providers.XmlConfigurationProvider  - Parsing configuration file [struts-default.xml]
INFO    2014-07-02 12:02:10,284 [localhost-startStop-1] com.opensymphony.xwork2.config.providers.XmlConfigurationProvider  - Parsing configuration file [struts-plugin.xml]
INFO    2014-07-02 12:02:10,299 [localhost-startStop-1] com.opensymphony.xwork2.config.providers.XmlConfigurationProvider  - Parsing configuration file [struts.xml]
WARN    2014-07-02 12:02:10,303 [localhost-startStop-1] org.apache.struts2.config.Settings  - Settings: Could not parse struts.locale setting, substituting default VM locale
INFO    2014-07-02 12:02:10,315 [localhost-startStop-1] org.apache.struts2.config.BeanSelectionProvider  - Loading global messages from ApplicationResources
WARN    2014-07-02 12:02:10,589 [localhost-startStop-1] com.opensymphony.xwork2.config.providers.XmlConfigurationProvider  - no default parameter defined for result of type imageResult
INFO    2014-07-02 12:02:10,604 [localhost-startStop-1] com.opensymphony.xwork2.util.ObjectTypeDeterminerFactory  - Setting DefaultObjectTypeDeterminer as default ...
INFO    2014-07-02 12:03:44,681 [ContainerBackgroundProcessor[StandardEngine[Catalina]]] org.hibernate.annotations.common.Version  - HCANN000001: Hibernate Commons Annotations {4.0.4.Final}
INFO    2014-07-02 12:03:44,695 [ContainerBackgroundProcessor[StandardEngine[Catalina]]] org.hibernate.Version  - HHH000412: Hibernate Core {4.3.0.Final}
INFO    2014-07-02 12:03:44,701 [ContainerBackgroundProcessor[StandardEngine[Catalina]]] org.hibernate.cfg.Environment  - HHH000206: hibernate.properties not found
INFO    2014-07-02 12:03:44,705 [ContainerBackgroundProcessor[StandardEngine[Catalina]]] org.hibernate.cfg.Environment  - HHH000021: Bytecode provider name : javassist
INFO    2014-07-02 12:03:44,747 [ContainerBackgroundProcessor[StandardEngine[Catalina]]] org.hibernate.cfg.Configuration  - HHH000044: Configuring from URL: file:/E:/workspace/.metadata/.plugins/org.eclipse.wst.server.core/tmp0/wtpwebapps/Struts2Login/WEB-INF/classes/hibernate.cfg.xml
WARN    2014-07-02 12:03:44,797 [ContainerBackgroundProcessor[StandardEngine[Catalina]]] org.hibernate.internal.util.xml.DTDEntityResolver  - HHH000223: Recognized obsolete hibernate namespace http://hibernate.sourceforge.net/. Use namespace http://www.hibernate.org/dtd/ instead. Refer to Hibernate 3.6 Migration Guide!
INFO    2014-07-02 12:03:44,875 [ContainerBackgroundProcessor[StandardEngine[Catalina]]] org.hibernate.cfg.Configuration  - HHH000041: Configured SessionFactory: null
INFO    2014-07-02 12:03:45,424 [ContainerBackgroundProcessor[StandardEngine[Catalina]]] org.hibernate.engine.jdbc.connections.internal.DriverManagerConnectionProviderImpl  - HHH000402: Using Hibernate built-in connection pool (not for production use!)
INFO    2014-07-02 12:03:45,451 [ContainerBackgroundProcessor[StandardEngine[Catalina]]] org.hibernate.engine.jdbc.connections.internal.DriverManagerConnectionProviderImpl  - HHH000401: using driver [com.mysql.jdbc.Driver] at URL [jdbc:mysql://localhost:3306/excitingplaces]
INFO    2014-07-02 12:03:45,452 [ContainerBackgroundProcessor[StandardEngine[Catalina]]] org.hibernate.engine.jdbc.connections.internal.DriverManagerConnectionProviderImpl  - HHH000046: Connection properties: {user=root, password=****}
INFO    2014-07-02 12:03:45,453 [ContainerBackgroundProcessor[StandardEngine[Catalina]]] org.hibernate.engine.jdbc.connections.internal.DriverManagerConnectionProviderImpl  - HHH000006: Autocommit mode: false
INFO    2014-07-02 12:03:45,458 [ContainerBackgroundProcessor[StandardEngine[Catalina]]] org.hibernate.engine.jdbc.connections.internal.DriverManagerConnectionProviderImpl  - HHH000115: Hibernate connection pool size: 20 (min=1)
INFO    2014-07-02 12:03:46,041 [ContainerBackgroundProcessor[StandardEngine[Catalina]]] org.hibernate.dialect.Dialect  - HHH000400: Using dialect: org.hibernate.dialect.MySQLDialect
INFO    2014-07-02 12:03:46,403 [ContainerBackgroundProcessor[StandardEngine[Catalina]]] org.hibernate.engine.transaction.internal.TransactionFactoryInitiator  - HHH000399: Using default transaction strategy (direct JDBC transactions)
INFO    2014-07-02 12:03:46,412 [ContainerBackgroundProcessor[StandardEngine[Catalina]]] org.hibernate.hql.internal.ast.ASTQueryTranslatorFactory  - HHH000397: Using ASTQueryTranslatorFactory
INFO    2014-07-02 12:03:47,070 [ContainerBackgroundProcessor[StandardEngine[Catalina]]] com.opensymphony.xwork2.config.providers.XmlConfigurationProvider  - Parsing configuration file [struts-default.xml]
INFO    2014-07-02 12:03:47,146 [ContainerBackgroundProcessor[StandardEngine[Catalina]]] com.opensymphony.xwork2.config.providers.XmlConfigurationProvider  - Parsing configuration file [struts-plugin.xml]
INFO    2014-07-02 12:03:47,160 [ContainerBackgroundProcessor[StandardEngine[Catalina]]] com.opensymphony.xwork2.config.providers.XmlConfigurationProvider  - Parsing configuration file [struts.xml]
WARN    2014-07-02 12:03:47,163 [ContainerBackgroundProcessor[StandardEngine[Catalina]]] org.apache.struts2.config.Settings  - Settings: Could not parse struts.locale setting, substituting default VM locale
INFO    2014-07-02 12:03:47,172 [ContainerBackgroundProcessor[StandardEngine[Catalina]]] org.apache.struts2.config.BeanSelectionProvider  - Loading global messages from ApplicationResources
WARN    2014-07-02 12:03:47,487 [ContainerBackgroundProcessor[StandardEngine[Catalina]]] com.opensymphony.xwork2.config.providers.XmlConfigurationProvider  - no default parameter defined for result of type imageResult
INFO    2014-07-02 12:03:47,515 [ContainerBackgroundProcessor[StandardEngine[Catalina]]] com.opensymphony.xwork2.util.ObjectTypeDeterminerFactory  - Setting DefaultObjectTypeDeterminer as default ...
INFO    2014-07-02 12:04:19,601 [ContainerBackgroundProcessor[StandardEngine[Catalina]]] org.hibernate.annotations.common.Version  - HCANN000001: Hibernate Commons Annotations {4.0.4.Final}
INFO    2014-07-02 12:04:19,614 [ContainerBackgroundProcessor[StandardEngine[Catalina]]] org.hibernate.Version  - HHH000412: Hibernate Core {4.3.0.Final}
INFO    2014-07-02 12:04:19,619 [ContainerBackgroundProcessor[StandardEngine[Catalina]]] org.hibernate.cfg.Environment  - HHH000206: hibernate.properties not found
INFO    2014-07-02 12:04:19,623 [ContainerBackgroundProcessor[StandardEngine[Catalina]]] org.hibernate.cfg.Environment  - HHH000021: Bytecode provider name : javassist
INFO    2014-07-02 12:04:19,663 [ContainerBackgroundProcessor[StandardEngine[Catalina]]] org.hibernate.cfg.Configuration  - HHH000044: Configuring from URL: file:/E:/workspace/.metadata/.plugins/org.eclipse.wst.server.core/tmp0/wtpwebapps/Struts2Login/WEB-INF/classes/hibernate.cfg.xml
WARN    2014-07-02 12:04:19,697 [ContainerBackgroundProcessor[StandardEngine[Catalina]]] org.hibernate.internal.util.xml.DTDEntityResolver  - HHH000223: Recognized obsolete hibernate namespace http://hibernate.sourceforge.net/. Use namespace http://www.hibernate.org/dtd/ instead. Refer to Hibernate 3.6 Migration Guide!
INFO    2014-07-02 12:04:19,741 [ContainerBackgroundProcessor[StandardEngine[Catalina]]] org.hibernate.cfg.Configuration  - HHH000041: Configured SessionFactory: null
INFO    2014-07-02 12:04:19,903 [ContainerBackgroundProcessor[StandardEngine[Catalina]]] org.hibernate.engine.jdbc.connections.internal.DriverManagerConnectionProviderImpl  - HHH000402: Using Hibernate built-in connection pool (not for production use!)
INFO    2014-07-02 12:04:19,910 [ContainerBackgroundProcessor[StandardEngine[Catalina]]] org.hibernate.engine.jdbc.connections.internal.DriverManagerConnectionProviderImpl  - HHH000401: using driver [com.mysql.jdbc.Driver] at URL [jdbc:mysql://localhost:3306/excitingplaces]
INFO    2014-07-02 12:04:19,911 [ContainerBackgroundProcessor[StandardEngine[Catalina]]] org.hibernate.engine.jdbc.connections.internal.DriverManagerConnectionProviderImpl  - HHH000046: Connection properties: {user=root, password=****}
INFO    2014-07-02 12:04:19,911 [ContainerBackgroundProcessor[StandardEngine[Catalina]]] org.hibernate.engine.jdbc.connections.internal.DriverManagerConnectionProviderImpl  - HHH000006: Autocommit mode: false
INFO    2014-07-02 12:04:19,913 [ContainerBackgroundProcessor[StandardEngine[Catalina]]] org.hibernate.engine.jdbc.connections.internal.DriverManagerConnectionProviderImpl  - HHH000115: Hibernate connection pool size: 20 (min=1)
INFO    2014-07-02 12:04:20,304 [ContainerBackgroundProcessor[StandardEngine[Catalina]]] org.hibernate.dialect.Dialect  - HHH000400: Using dialect: org.hibernate.dialect.MySQLDialect
INFO    2014-07-02 12:04:20,552 [ContainerBackgroundProcessor[StandardEngine[Catalina]]] org.hibernate.engine.transaction.internal.TransactionFactoryInitiator  - HHH000399: Using default transaction strategy (direct JDBC transactions)
INFO    2014-07-02 12:04:20,561 [ContainerBackgroundProcessor[StandardEngine[Catalina]]] org.hibernate.hql.internal.ast.ASTQueryTranslatorFactory  - HHH000397: Using ASTQueryTranslatorFactory
INFO    2014-07-02 12:04:21,143 [ContainerBackgroundProcessor[StandardEngine[Catalina]]] com.opensymphony.xwork2.config.providers.XmlConfigurationProvider  - Parsing configuration file [struts-default.xml]
INFO    2014-07-02 12:04:21,210 [ContainerBackgroundProcessor[StandardEngine[Catalina]]] com.opensymphony.xwork2.config.providers.XmlConfigurationProvider  - Parsing configuration file [struts-plugin.xml]
INFO    2014-07-02 12:04:21,220 [ContainerBackgroundProcessor[StandardEngine[Catalina]]] com.opensymphony.xwork2.config.providers.XmlConfigurationProvider  - Parsing configuration file [struts.xml]
WARN    2014-07-02 12:04:21,223 [ContainerBackgroundProcessor[StandardEngine[Catalina]]] org.apache.struts2.config.Settings  - Settings: Could not parse struts.locale setting, substituting default VM locale
INFO    2014-07-02 12:04:21,232 [ContainerBackgroundProcessor[StandardEngine[Catalina]]] org.apache.struts2.config.BeanSelectionProvider  - Loading global messages from ApplicationResources
WARN    2014-07-02 12:04:21,523 [ContainerBackgroundProcessor[StandardEngine[Catalina]]] com.opensymphony.xwork2.config.providers.XmlConfigurationProvider  - no default parameter defined for result of type imageResult
INFO    2014-07-02 12:04:21,537 [ContainerBackgroundProcessor[StandardEngine[Catalina]]] com.opensymphony.xwork2.util.ObjectTypeDeterminerFactory  - Setting DefaultObjectTypeDeterminer as default ...
INFO    2014-07-02 12:04:33,760 [ContainerBackgroundProcessor[StandardEngine[Catalina]]] org.hibernate.annotations.common.Version  - HCANN000001: Hibernate Commons Annotations {4.0.4.Final}
INFO    2014-07-02 12:04:33,775 [ContainerBackgroundProcessor[StandardEngine[Catalina]]] org.hibernate.Version  - HHH000412: Hibernate Core {4.3.0.Final}
INFO    2014-07-02 12:04:33,778 [ContainerBackgroundProcessor[StandardEngine[Catalina]]] org.hibernate.cfg.Environment  - HHH000206: hibernate.properties not found
INFO    2014-07-02 12:04:33,781 [ContainerBackgroundProcessor[StandardEngine[Catalina]]] org.hibernate.cfg.Environment  - HHH000021: Bytecode provider name : javassist
INFO    2014-07-02 12:04:33,820 [ContainerBackgroundProcessor[StandardEngine[Catalina]]] org.hibernate.cfg.Configuration  - HHH000044: Configuring from URL: file:/E:/workspace/.metadata/.plugins/org.eclipse.wst.server.core/tmp0/wtpwebapps/Struts2Login/WEB-INF/classes/hibernate.cfg.xml
WARN    2014-07-02 12:04:33,853 [ContainerBackgroundProcessor[StandardEngine[Catalina]]] org.hibernate.internal.util.xml.DTDEntityResolver  - HHH000223: Recognized obsolete hibernate namespace http://hibernate.sourceforge.net/. Use namespace http://www.hibernate.org/dtd/ instead. Refer to Hibernate 3.6 Migration Guide!
INFO    2014-07-02 12:04:33,896 [ContainerBackgroundProcessor[StandardEngine[Catalina]]] org.hibernate.cfg.Configuration  - HHH000041: Configured SessionFactory: null
INFO    2014-07-02 12:04:34,047 [ContainerBackgroundProcessor[StandardEngine[Catalina]]] org.hibernate.engine.jdbc.connections.internal.DriverManagerConnectionProviderImpl  - HHH000402: Using Hibernate built-in connection pool (not for production use!)
INFO    2014-07-02 12:04:34,053 [ContainerBackgroundProcessor[StandardEngine[Catalina]]] org.hibernate.engine.jdbc.connections.internal.DriverManagerConnectionProviderImpl  - HHH000401: using driver [com.mysql.jdbc.Driver] at URL [jdbc:mysql://localhost:3306/excitingplaces]
INFO    2014-07-02 12:04:34,054 [ContainerBackgroundProcessor[StandardEngine[Catalina]]] org.hibernate.engine.jdbc.connections.internal.DriverManagerConnectionProviderImpl  - HHH000046: Connection properties: {user=root, password=****}
INFO    2014-07-02 12:04:34,054 [ContainerBackgroundProcessor[StandardEngine[Catalina]]] org.hibernate.engine.jdbc.connections.internal.DriverManagerConnectionProviderImpl  - HHH000006: Autocommit mode: false
INFO    2014-07-02 12:04:34,057 [ContainerBackgroundProcessor[StandardEngine[Catalina]]] org.hibernate.engine.jdbc.connections.internal.DriverManagerConnectionProviderImpl  - HHH000115: Hibernate connection pool size: 20 (min=1)
INFO    2014-07-02 12:04:34,678 [ContainerBackgroundProcessor[StandardEngine[Catalina]]] org.hibernate.dialect.Dialect  - HHH000400: Using dialect: org.hibernate.dialect.MySQLDialect
INFO    2014-07-02 12:04:34,909 [ContainerBackgroundProcessor[StandardEngine[Catalina]]] org.hibernate.engine.transaction.internal.TransactionFactoryInitiator  - HHH000399: Using default transaction strategy (direct JDBC transactions)
INFO    2014-07-02 12:04:34,918 [ContainerBackgroundProcessor[StandardEngine[Catalina]]] org.hibernate.hql.internal.ast.ASTQueryTranslatorFactory  - HHH000397: Using ASTQueryTranslatorFactory
INFO    2014-07-02 12:04:35,386 [ContainerBackgroundProcessor[StandardEngine[Catalina]]] com.opensymphony.xwork2.config.providers.XmlConfigurationProvider  - Parsing configuration file [struts-default.xml]
INFO    2014-07-02 12:04:35,441 [ContainerBackgroundProcessor[StandardEngine[Catalina]]] com.opensymphony.xwork2.config.providers.XmlConfigurationProvider  - Parsing configuration file [struts-plugin.xml]
INFO    2014-07-02 12:04:35,449 [ContainerBackgroundProcessor[StandardEngine[Catalina]]] com.opensymphony.xwork2.config.providers.XmlConfigurationProvider  - Parsing configuration file [struts.xml]
WARN    2014-07-02 12:04:35,452 [ContainerBackgroundProcessor[StandardEngine[Catalina]]] org.apache.struts2.config.Settings  - Settings: Could not parse struts.locale setting, substituting default VM locale
INFO    2014-07-02 12:04:35,458 [ContainerBackgroundProcessor[StandardEngine[Catalina]]] org.apache.struts2.config.BeanSelectionProvider  - Loading global messages from ApplicationResources
WARN    2014-07-02 12:04:35,674 [ContainerBackgroundProcessor[StandardEngine[Catalina]]] com.opensymphony.xwork2.config.providers.XmlConfigurationProvider  - no default parameter defined for result of type imageResult
INFO    2014-07-02 12:04:35,688 [ContainerBackgroundProcessor[StandardEngine[Catalina]]] com.opensymphony.xwork2.util.ObjectTypeDeterminerFactory  - Setting DefaultObjectTypeDeterminer as default ...
INFO    2014-07-02 12:04:52,619 [http-bio-8080-exec-9] com.opensymphony.xwork2.validator.ActionValidatorManagerFactory  - Detected AnnotationActionValidatorManager, initializing it...
INFO    2014-07-02 12:05:33,066 [http-bio-8080-exec-3] com.devmanuals.action.SaveUserDetailAction  - This is a debug log message from Struts2
